{
  "stats": {
    "suites": 1,
    "tests": 5,
    "passes": 5,
    "pending": 0,
    "failures": 0,
    "start": "2022-06-21T12:34:03.673Z",
    "end": "2022-06-21T12:35:04.611Z",
    "duration": 60938,
    "testsRegistered": 5,
    "passPercent": 100,
    "pendingPercent": 0,
    "other": 0,
    "hasOther": false,
    "skipped": 0,
    "hasSkipped": false
  },
  "results": [
    {
      "uuid": "04102323-76aa-48ec-a9be-3c15836424ca",
      "title": "",
      "fullFile": "cypress\\e2e\\uiTestAutomation.cy.js",
      "file": "cypress\\e2e\\uiTestAutomation.cy.js",
      "beforeHooks": [],
      "afterHooks": [],
      "tests": [],
      "suites": [
        {
          "uuid": "d8cbe95d-0242-45d8-85fb-bd8a5a11de4f",
          "title": "SDET Assignment UI Aurtomation",
          "fullFile": "",
          "file": "",
          "beforeHooks": [],
          "afterHooks": [],
          "tests": [
            {
              "title": "Validate whether the search suggestion is not given to the user until 3 characters are populated",
              "fullTitle": "SDET Assignment UI Aurtomation Validate whether the search suggestion is not given to the user until 3 characters are populated",
              "timedOut": null,
              "duration": 9665,
              "state": "passed",
              "speed": "medium",
              "pass": true,
              "fail": false,
              "pending": false,
              "context": null,
              "code": "cy.intercept({\n  method: 'GET',\n  url: 'http://automationpractice.com/**',\n  query: {\n    controller: 'search'\n  }\n}).as('searchBar');\nfunction generateText() {\n  var typedText = \"\";\n  const text = [\"d\", \"r\", \"e\", \"s\", \"s\"];\n  for (let i = 0; i < text.length; i++) {\n    typedText = text.join(\"\");\n  }\n  cy.get('#search_query_top').type(typedText);\n  cy.wait('@searchBar');\n  cy.get('@searchBar').then(sbr => {\n    console.log(sbr);\n    if (typedText.length >= 3) {\n      cy.get('.ac_results');\n    }\n  });\n}\ngenerateText();",
              "err": {},
              "uuid": "6371dc24-d9cb-4928-a34a-efd46f71d3ce",
              "parentUUID": "d8cbe95d-0242-45d8-85fb-bd8a5a11de4f",
              "isHook": false,
              "skipped": false
            },
            {
              "title": "Validate results are displayed according to the search made by the user",
              "fullTitle": "SDET Assignment UI Aurtomation Validate results are displayed according to the search made by the user",
              "timedOut": null,
              "duration": 5487,
              "state": "passed",
              "speed": "medium",
              "pass": true,
              "fail": false,
              "pending": false,
              "context": null,
              "code": "const searchResult = [\"Printed Summer Dress\", \"Printed Dress\", \"Printed Summer Dress\", \"Printed Chiffon Dress\", \"Printed Dress\", \"Faded Short Sleeve T-shirts\", \"Blouse\"];\ncy.get('#search_query_top').type('dress');\ncy.get('[name=\"submit_search\"]').click();\ncy.get('.right-block a.product-name').each(($ele, i) => {\n  cy.wrap($ele).invoke('text').should('contain', searchResult[i]);\n});",
              "err": {},
              "uuid": "b76adfd3-570b-4fa7-890d-eff09bc2648e",
              "parentUUID": "d8cbe95d-0242-45d8-85fb-bd8a5a11de4f",
              "isHook": false,
              "skipped": false
            },
            {
              "title": "Validate whether the user is able to apply the large size catalog filter for the T-shirt section",
              "fullTitle": "SDET Assignment UI Aurtomation Validate whether the user is able to apply the large size catalog filter for the T-shirt section",
              "timedOut": null,
              "duration": 7644,
              "state": "passed",
              "speed": "medium",
              "pass": true,
              "fail": false,
              "pending": false,
              "context": null,
              "code": "cy.intercept({\n  method: 'GET',\n  url: '**/modules/blocklayered/**'\n}).as('largeFilter');\ncy.get('#block_top_menu ul li a').contains('T-shirts').click({\n  force: true\n});\ncy.get('.layered_filter ul li').contains('L').click();\ncy.wait('@largeFilter');\ncy.get('#enabled_filters span').should('contain', 'Enabled filters:');\ncy.get('#enabled_filters ul').should('contain', 'Size: L');",
              "err": {},
              "uuid": "39ed8d82-5ad9-44c5-bc0e-a7d0229830b3",
              "parentUUID": "d8cbe95d-0242-45d8-85fb-bd8a5a11de4f",
              "isHook": false,
              "skipped": false
            },
            {
              "title": "Validate whether the user is able to upload  a file on the contact us page",
              "fullTitle": "SDET Assignment UI Aurtomation Validate whether the user is able to upload  a file on the contact us page",
              "timedOut": null,
              "duration": 5984,
              "state": "passed",
              "speed": "medium",
              "pass": true,
              "fail": false,
              "pending": false,
              "context": null,
              "code": "cy.get('#contact-link').contains('Contact us').click();\ncy.get('input[type=\"file\"]').attachFile('igg-report.pdf'); //cy.get('input[type=\"file\"]').selectFile('igg-report.pdf')\ncy.get('#uniform-fileUpload span').should('contain', 'igg-report.pdf');",
              "err": {},
              "uuid": "43ee7e18-2601-4f72-b341-72d9aad7d0e0",
              "parentUUID": "d8cbe95d-0242-45d8-85fb-bd8a5a11de4f",
              "isHook": false,
              "skipped": false
            },
            {
              "title": "Add 5 products in the cart, validate total cart amount and individual product price both with and without discount",
              "fullTitle": "SDET Assignment UI Aurtomation Add 5 products in the cart, validate total cart amount and individual product price both with and without discount",
              "timedOut": null,
              "duration": 31812,
              "state": "passed",
              "speed": "slow",
              "pass": true,
              "fail": false,
              "pending": false,
              "context": null,
              "code": "cy.get('#block_top_menu ul li a').contains('Dresses').click({\n  force: true\n});\ncy.get('div.product-container').each($ele => {\n  cy.wrap($ele).trigger('mouseover').within(() => {\n    cy.contains('Add to cart').should('be.visible').click();\n  });\n  cy.get('.continue > span', {\n    timeout: 10000\n  }).should('be.visible').click();\n});\ncy.get('.shopping_cart a b').click();\ncy.get('.price span').should('contain', '$154.87');\ncy.get('#product_3_13_0_0 span').should('contain', '$26.00');\ncy.get('#product_4_16_0_0 span').should('contain', '$50.99');\ncy.get('#product_5_19_0_0 span').should('contain', '$28.98');\ncy.get('#product_5_19_0_0 span span').should('contain', '$30.51');\ncy.get('#product_6_31_0_0 span').should('contain', '$30.50');\ncy.get('#product_7_34_0_0 span').should('contain', '$16.40');\ncy.get('#product_7_34_0_0 span span').should('contain', '$20.50');",
              "err": {},
              "uuid": "9999464f-ebef-4b42-9fd6-19fb044be2db",
              "parentUUID": "d8cbe95d-0242-45d8-85fb-bd8a5a11de4f",
              "isHook": false,
              "skipped": false
            }
          ],
          "suites": [],
          "passes": [
            "6371dc24-d9cb-4928-a34a-efd46f71d3ce",
            "b76adfd3-570b-4fa7-890d-eff09bc2648e",
            "39ed8d82-5ad9-44c5-bc0e-a7d0229830b3",
            "43ee7e18-2601-4f72-b341-72d9aad7d0e0",
            "9999464f-ebef-4b42-9fd6-19fb044be2db"
          ],
          "failures": [],
          "pending": [],
          "skipped": [],
          "duration": 60592,
          "root": false,
          "rootEmpty": false,
          "_timeout": 2000
        }
      ],
      "passes": [],
      "failures": [],
      "pending": [],
      "skipped": [],
      "duration": 0,
      "root": true,
      "rootEmpty": true,
      "_timeout": 2000
    }
  ],
  "meta": {
    "mocha": {
      "version": "7.0.1"
    },
    "mochawesome": {
      "options": {
        "quiet": false,
        "reportFilename": "mochawesome",
        "saveHtml": false,
        "saveJson": true,
        "consoleReporter": "spec",
        "useInlineDiffs": false,
        "code": true
      },
      "version": "7.1.3"
    },
    "marge": {
      "options": {
        "overwrite": false,
        "html": false,
        "json": true
      },
      "version": "6.2.0"
    }
  }
}